[2024-02-12 04:05:49] [1] [WARN] Reporting disabled: using no op test run registrar
[2024-02-12 04:05:49] [1] [INFO] TEST [mobile-testing - uiElementsPageTest] STARTED at [01:05:49 2024-02-12]
[2024-02-12 04:05:49] [1] [INFO] Starting driver session...
[2024-02-12 04:05:50] [1] [ERROR] Failed to attach artifact reference 'app' to test run because it has not been started yet.
[2024-02-12 04:05:59] [1] [INFO] Driver session started.
[2024-02-12 04:06:00] [1] [INFO] tap on nextButton
[2024-02-12 04:06:01] [1] [INFO] PASS: Tap on X:'539' Y:'2003' was executed.
[2024-02-12 04:06:05] [1] [INFO] PASS: keys 'rick' are sent to element 'nameInput'.
[2024-02-12 04:06:07] [1] [INFO] PASS: keys 'password' are sent to element 'passwordInput'.
[2024-02-12 04:06:08] [1] [INFO] tap on radioFemale
[2024-02-12 04:06:09] [1] [INFO] PASS: Tap on X:'778' Y:'1602' was executed.
[2024-02-12 04:06:09] [1] [INFO] tap on radioMale
[2024-02-12 04:06:11] [1] [INFO] PASS: Tap on X:'271' Y:'1602' was executed.
[2024-02-12 04:06:12] [1] [INFO] tap on switchPrivacyPolicy
[2024-02-12 04:06:13] [1] [INFO] PASS: Tap on X:'540' Y:'1837' was executed.
[2024-02-12 04:06:14] [1] [INFO] tap on signUpButton
[2024-02-12 04:06:15] [1] [INFO] PASS: Tap on X:'539' Y:'2003' was executed.
[2024-02-12 04:06:20] [1] [INFO] tap on menuButton
[2024-02-12 04:06:21] [1] [INFO] PASS: Tap on X:'77' Y:'143' was executed.
[2024-02-12 04:06:23] [1] [INFO] PASS: element 'UIElementsButton' is clicked.
[2024-02-12 04:06:25] [1] [INFO] PASS: keys 'Hello from Java!' are sent to element 'textInput'.
[2024-02-12 04:06:26] [1] [INFO] PASS: keys 'nazareno@solvd.com' are sent to element 'emailInput'.
[2024-02-12 04:06:28] [1] [INFO] PASS: keys '10/01/2024' are sent to element 'dateInput'.
[2024-02-12 04:06:28] [1] [INFO] tap on copyCheckBox
[2024-02-12 04:06:29] [1] [INFO] PASS: Tap on X:'540' Y:'1881' was executed.
[2024-02-12 04:06:31] [1] [INFO] element already present before swipe: emailInput (By.id: editText2)
[2024-02-12 04:06:31] [1] [INFO] tap on radioButtonMale
[2024-02-12 04:06:32] [1] [INFO] PASS: Tap on X:'540' Y:'2057' was executed.
[2024-02-12 04:06:32] [1] [INFO] tap on radioButtonFemale
[2024-02-12 04:06:34] [1] [INFO] PASS: Tap on X:'540' Y:'2127' was executed.
[2024-02-12 04:06:54] [1] [INFO] tap on radioButtonOther
[2024-02-12 04:07:15] [1] [ERROR] FAIL: get_location - waitCondition for element 'radioButtonOther (By.id: radioButton5)' not satisfied!
[2024-02-12 04:07:16] [1] [ERROR] TEST [mobile-testing - uiElementsPageTest] FAILED at [01:07:16 2024-02-12] - no such element By.id: radioButton5
For documentation on this error, please visit: https://selenium.dev/exceptions/#no_such_element
Build info: version: '4.7.0', revision: '0a5b49d16f'
System info: os.name: 'Linux', os.arch: 'amd64', os.version: '6.5.0-17-generic', java.version: '21.0.1'
Driver info: driver.version: unknown

com.zebrunner.carina.webdriver.locator.ExtendedElementLocator.findElement(ExtendedElementLocator.java:157)
org.openqa.selenium.support.pagefactory.internal.LocatingElementHandler.invoke(LocatingElementHandler.java:39)
jdk.proxy2/jdk.proxy2.$Proxy91.getLocation(Unknown Source)
com.zebrunner.carina.webdriver.decorator.ExtendedWebElement$3.doGetLocation(ExtendedWebElement.java:1628)
com.zebrunner.carina.webdriver.decorator.ExtendedWebElement.executeAction(ExtendedWebElement.java:1418)
com.zebrunner.carina.webdriver.decorator.ExtendedWebElement.overrideAction(ExtendedWebElement.java:1531)
com.zebrunner.carina.webdriver.decorator.ExtendedWebElement.doAction(ExtendedWebElement.java:1510)
com.zebrunner.carina.webdriver.decorator.ExtendedWebElement.doAction(ExtendedWebElement.java:1487)
com.zebrunner.carina.webdriver.decorator.ExtendedWebElement.getLocation(ExtendedWebElement.java:371)
com.zebrunner.carina.utils.mobile.IMobileUtils.tap(IMobileUtils.java:130)
com.solvd.automation.gui.mobile.carinademo.android.UIElementsPage.tapRadioButtonOther(UIElementsPage.java:83)
com.solvd.automation.gui.mobile.MobileCarinaDemoTest.uiElementsPageTest(MobileCarinaDemoTest.java:44)
java.base/jdk.internal.reflect.DirectMethodHandleAccessor.invoke(DirectMethodHandleAccessor.java:103)
java.base/java.lang.reflect.Method.invoke(Method.java:580)
org.testng.internal.invokers.MethodInvocationHelper.invokeMethod(MethodInvocationHelper.java:139)
org.testng.internal.invokers.TestInvoker.invokeMethod(TestInvoker.java:677)
org.testng.internal.invokers.TestInvoker.invokeTestMethod(TestInvoker.java:221)
org.testng.internal.invokers.MethodRunner.runInSequence(MethodRunner.java:50)
org.testng.internal.invokers.TestInvoker$MethodInvocationAgent.invoke(TestInvoker.java:969)
org.testng.internal.invokers.TestInvoker.invokeTestMethods(TestInvoker.java:194)
org.testng.internal.invokers.TestMethodWorker.invokeTestMethods(TestMethodWorker.java:148)
org.testng.internal.invokers.TestMethodWorker.run(TestMethodWorker.java:128)
java.base/java.util.ArrayList.forEach(ArrayList.java:1596)
org.testng.TestRunner.privateRun(TestRunner.java:829)
org.testng.TestRunner.run(TestRunner.java:602)
org.testng.SuiteRunner.runTest(SuiteRunner.java:437)
org.testng.SuiteRunner.runSequentially(SuiteRunner.java:431)
org.testng.SuiteRunner.privateRun(SuiteRunner.java:391)
org.testng.SuiteRunner.run(SuiteRunner.java:330)
org.testng.SuiteRunnerWorker.runSuite(SuiteRunnerWorker.java:52)
org.testng.SuiteRunnerWorker.run(SuiteRunnerWorker.java:95)
org.testng.TestNG.runSuitesSequentially(TestNG.java:1256)
org.testng.TestNG.runSuitesLocally(TestNG.java:1176)
org.testng.TestNG.runSuites(TestNG.java:1099)
org.testng.TestNG.run(TestNG.java:1067)
com.intellij.rt.testng.IDEARemoteTestNG.run(IDEARemoteTestNG.java:65)
com.intellij.rt.testng.RemoteTestNGStarter.main(RemoteTestNGStarter.java:105)
