[2024-02-12 06:24:12] [1] [WARN] Reporting disabled: using no op test run registrar
[2024-02-12 06:24:12] [1] [INFO] TEST [mobile-testing - uiElementsPageTest] STARTED at [15:24:12 2024-02-12]
[2024-02-12 06:24:12] [1] [INFO] Starting driver session...
[2024-02-12 06:24:13] [1] [ERROR] Failed to attach artifact reference 'app' to test run because it has not been started yet.
[2024-02-12 06:24:20] [1] [INFO] Driver session started.
[2024-02-12 06:24:22] [1] [INFO] PASS: element 'nextButton' is clicked.
[2024-02-12 06:24:26] [1] [INFO] PASS: keys 'rick' are sent to element 'nameInput'.
[2024-02-12 06:24:28] [1] [INFO] PASS: keys 'password' are sent to element 'passwordInput'.
[2024-02-12 06:24:28] [1] [INFO] PASS: element 'radioFemale' is clicked.
[2024-02-12 06:24:30] [1] [INFO] PASS: element 'radioMale' is clicked.
[2024-02-12 06:24:31] [1] [INFO] PASS: element 'switchPrivacyPolicy' is clicked.
[2024-02-12 06:24:31] [1] [INFO] tap on signUpButton
[2024-02-12 06:24:33] [1] [INFO] PASS: Tap on X:'539' Y:'2003' was executed.
[2024-02-12 06:24:38] [1] [INFO] PASS: element 'menuButton' is clicked.
[2024-02-12 06:24:40] [1] [INFO] PASS: element 'mobileElementsMenuButton' is clicked.
[2024-02-12 06:24:42] [1] [INFO] PASS: keys 'Hello from Java!' are sent to element 'textInput'.
[2024-02-12 06:24:44] [1] [INFO] PASS: keys 'nazareno@solvd.com' are sent to element 'emailInput'.
[2024-02-12 06:24:46] [1] [INFO] PASS: keys '10/01/2024' are sent to element 'dateInput'.
[2024-02-12 06:24:46] [1] [INFO] Swipe up will be executed.
[2024-02-12 06:24:46] [1] [ERROR] Error during Swipe from (X = 540; Y = 1110) to (X = 540; Y = 555): org.openqa.selenium.InvalidArgumentException: java.lang.IllegalArgumentException: pointerCount must be at least 1
Build info: version: '4.7.0', revision: '0a5b49d16f'
System info: os.name: 'Linux', os.arch: 'amd64', os.version: '6.5.0-17-generic', java.version: '21.0.1'
Driver info: io.appium.java_client.android.AndroidDriver
Command: [26f2ec1c-1c1f-4408-9fa3-782698e57633, actions {actions=[org.openqa.selenium.interactions.Sequence@132f32a9]}]
Capabilities {appium:app: https://qaprosoft.s3-us-wes..., appium:appPackage: com.solvd.carinademoapplica..., appium:automationName: uiautomator2, appium:databaseEnabled: false, appium:desired: {app: https://qaprosoft.s3-us-wes..., automationName: uiautomator2, deviceName: device, deviceType: phone, language: en, locale: US, platformName: android, platformVersion: 14.0, udid: emulator-5554}, appium:deviceApiLevel: 34, appium:deviceManufacturer: Google, appium:deviceModel: sdk_gphone64_x86_64, appium:deviceName: emulator-5554, appium:deviceScreenDensity: 440, appium:deviceScreenSize: 1080x2220, appium:deviceType: phone, appium:deviceUDID: emulator-5554, appium:javascriptEnabled: true, appium:language: en, appium:locale: US, appium:locationContextEnabled: false, appium:networkConnectionEnabled: true, appium:pixelRatio: 2.75, appium:platformVersion: 14, appium:statBarHeight: 66, appium:takesScreenshot: true, appium:udid: emulator-5554, appium:viewportRect: {height: 2154, left: 0, top: 66, width: 1080}, appium:warnings: {}, appium:webStorageEnabled: false, platformName: ANDROID}
Session ID: 26f2ec1c-1c1f-4408-9fa3-782698e57633
[2024-02-12 06:24:47] [1] [INFO] PASS: element 'copyCheckBox' is clicked.
[2024-02-12 06:24:48] [1] [INFO] PASS: element 'radioButtonMale' is clicked.
[2024-02-12 06:24:48] [1] [INFO] PASS: element 'radioButtonFemale' is clicked.
[2024-02-12 06:24:57] [1] [INFO] PASS: element 'radioButtonOther' is clicked.
[2024-02-12 06:24:58] [1] [INFO] PASS: element 'switchEnable' is clicked.
[2024-02-12 06:24:58] [1] [INFO] TEST [mobile-testing - uiElementsPageTest] PASSED at [15:24:58 2024-02-12]
