[2024-02-08 07:11:41] [1] [WARN] Reporting disabled: using no op test run registrar
[2024-02-08 07:11:41] [1] [INFO] TEST [web-gui-testing - verifyRegisterProcessTest] STARTED at [16:11:41 2024-02-08]
[2024-02-08 07:11:41] [1] [INFO] Starting driver session...
[2024-02-08 07:11:43] [1] [INFO] Driver session started.
[2024-02-08 07:11:43] [1] [INFO] INFO: opening url 'https://github.com'
[2024-02-08 07:11:45] [1] [INFO] PASS: element 'signUpButton' is clicked.
[2024-02-08 07:11:47] [1] [ERROR] TEST [web-gui-testing - verifyRegisterProcessTest] FAILED at [16:11:47 2024-02-08] - element not interactable
  (Session info: chrome=121.0.6167.139)
Build info: version: '4.7.0', revision: '0a5b49d16f'
System info: os.name: 'Linux', os.arch: 'amd64', os.version: '6.5.0-15-generic', java.version: '21.0.1'
Driver info: org.openqa.selenium.remote.RemoteWebDriver
Command: [27f1bb74874187f649c21570520909b5, clearElement {id=8919E1AE7B2C3A3523D850271DB30174_element_33}]
Capabilities {acceptInsecureCerts: true, browserName: chrome, browserVersion: 121.0.6167.139, chrome: {chromedriverVersion: 121.0.6167.85 (3f98d690ad7e..., userDataDir: /tmp/.org.chromium.Chromium...}, fedcm:accounts: true, goog:chromeOptions: {debuggerAddress: localhost:37359}, networkConnectionEnabled: false, pageLoadStrategy: normal, platformName: LINUX, proxy: Proxy(), se:bidiEnabled: false, se:cdp: ws://172.17.0.1:4444/sessio..., se:cdpVersion: 121.0.6167.139, setWindowRect: true, strictFileInteractability: false, timeouts: {implicit: 0, pageLoad: 300000, script: 30000}, unhandledPromptBehavior: dismiss and notify, webauthn:extension:credBlob: true, webauthn:extension:largeBlob: true, webauthn:extension:minPinLength: true, webauthn:extension:prf: true, webauthn:virtualAuthenticators: true}
Element: [[RemoteWebDriver: chrome on LINUX (27f1bb74874187f649c21570520909b5)] -> id: email]
Session ID: 27f1bb74874187f649c21570520909b5

java.base/jdk.internal.reflect.DirectConstructorHandleAccessor.newInstance(DirectConstructorHandleAccessor.java:62)
java.base/java.lang.reflect.Constructor.newInstanceWithCaller(Constructor.java:502)
java.base/java.lang.reflect.Constructor.newInstance(Constructor.java:486)
org.openqa.selenium.remote.codec.w3c.W3CHttpResponseCodec.createException(W3CHttpResponseCodec.java:200)
org.openqa.selenium.remote.codec.w3c.W3CHttpResponseCodec.decode(W3CHttpResponseCodec.java:133)
org.openqa.selenium.remote.codec.w3c.W3CHttpResponseCodec.decode(W3CHttpResponseCodec.java:53)
org.openqa.selenium.remote.HttpCommandExecutor.execute(HttpCommandExecutor.java:184)
com.zebrunner.carina.webdriver.listener.EventFiringSeleniumCommandExecutor.execute(EventFiringSeleniumCommandExecutor.java:52)
org.openqa.selenium.remote.RemoteWebDriver.execute(RemoteWebDriver.java:541)
org.openqa.selenium.remote.RemoteWebElement.execute(RemoteWebElement.java:257)
org.openqa.selenium.remote.RemoteWebElement.clear(RemoteWebElement.java:132)
java.base/jdk.internal.reflect.DirectMethodHandleAccessor.invoke(DirectMethodHandleAccessor.java:103)
java.base/java.lang.reflect.Method.invoke(Method.java:580)
org.openqa.selenium.support.decorators.WebDriverDecorator.call(WebDriverDecorator.java:247)
org.openqa.selenium.support.decorators.DefaultDecorated.call(DefaultDecorated.java:48)
org.openqa.selenium.support.decorators.WebDriverDecorator.lambda$createProxy$0(WebDriverDecorator.java:309)
net.bytebuddy.renamed.java.lang.Object$ByteBuddy$ZOEvCGmm.clear(Unknown Source)
java.base/jdk.internal.reflect.DirectMethodHandleAccessor.invoke(DirectMethodHandleAccessor.java:103)
java.base/java.lang.reflect.Method.invoke(Method.java:580)
org.openqa.selenium.support.pagefactory.internal.LocatingElementHandler.invoke(LocatingElementHandler.java:52)
jdk.proxy2/jdk.proxy2.$Proxy90.clear(Unknown Source)
com.zebrunner.carina.webdriver.decorator.ExtendedWebElement$3.doType(ExtendedWebElement.java:1596)
com.zebrunner.carina.webdriver.decorator.ExtendedWebElement.executeAction(ExtendedWebElement.java:1430)
com.zebrunner.carina.webdriver.decorator.ExtendedWebElement.overrideAction(ExtendedWebElement.java:1531)
com.zebrunner.carina.webdriver.decorator.ExtendedWebElement.doAction(ExtendedWebElement.java:1510)
com.zebrunner.carina.webdriver.decorator.ExtendedWebElement.type(ExtendedWebElement.java:620)
com.zebrunner.carina.webdriver.decorator.ExtendedWebElement.type(ExtendedWebElement.java:609)
com.zebrunner.carina.webdriver.decorator.ExtendedWebElement.type(ExtendedWebElement.java:599)
com.solvd.automation.gui.pages.SignUpPage.typeEmailInput(SignUpPage.java:70)
com.solvd.automation.gui.WebGithubTest.verifyRegisterProcessTest(WebGithubTest.java:67)
java.base/jdk.internal.reflect.DirectMethodHandleAccessor.invoke(DirectMethodHandleAccessor.java:103)
java.base/java.lang.reflect.Method.invoke(Method.java:580)
org.testng.internal.invokers.MethodInvocationHelper.invokeMethod(MethodInvocationHelper.java:139)
org.testng.internal.invokers.TestInvoker.invokeMethod(TestInvoker.java:677)
org.testng.internal.invokers.TestInvoker.invokeTestMethod(TestInvoker.java:221)
org.testng.internal.invokers.MethodRunner.runInSequence(MethodRunner.java:50)
org.testng.internal.invokers.TestInvoker$MethodInvocationAgent.invoke(TestInvoker.java:969)
org.testng.internal.invokers.TestInvoker.invokeTestMethods(TestInvoker.java:194)
org.testng.internal.invokers.TestMethodWorker.invokeTestMethods(TestMethodWorker.java:148)
org.testng.internal.invokers.TestMethodWorker.run(TestMethodWorker.java:128)
java.base/java.util.ArrayList.forEach(ArrayList.java:1596)
org.testng.TestRunner.privateRun(TestRunner.java:829)
org.testng.TestRunner.run(TestRunner.java:602)
org.testng.SuiteRunner.runTest(SuiteRunner.java:437)
org.testng.SuiteRunner.runSequentially(SuiteRunner.java:431)
org.testng.SuiteRunner.privateRun(SuiteRunner.java:391)
org.testng.SuiteRunner.run(SuiteRunner.java:330)
org.testng.SuiteRunnerWorker.runSuite(SuiteRunnerWorker.java:52)
org.testng.SuiteRunnerWorker.run(SuiteRunnerWorker.java:95)
org.testng.TestNG.runSuitesSequentially(TestNG.java:1256)
org.testng.TestNG.runSuitesLocally(TestNG.java:1176)
org.testng.TestNG.runSuites(TestNG.java:1099)
org.testng.TestNG.run(TestNG.java:1067)
com.intellij.rt.testng.IDEARemoteTestNG.run(IDEARemoteTestNG.java:65)
com.intellij.rt.testng.RemoteTestNGStarter.main(RemoteTestNGStarter.java:105)
