[2024-02-12 03:56:59] [1] [WARN] Reporting disabled: using no op test run registrar
[2024-02-12 03:56:59] [1] [INFO] TEST [mobile-testing - areThereProductsTest] STARTED at [00:56:59 2024-02-12]
[2024-02-12 03:56:59] [1] [INFO] Starting driver session...
[2024-02-12 03:57:00] [1] [ERROR] Failed to attach artifact reference 'app' to test run because it has not been started yet.
[2024-02-12 03:57:10] [1] [INFO] Driver session started.
[2024-02-12 03:57:14] [1] [INFO] PASS: keys 'standard_user' are sent to element 'usernameInput'.
[2024-02-12 03:57:16] [1] [INFO] PASS: keys 'secret_sauce' are sent to element 'passwordInput'.
[2024-02-12 03:57:17] [1] [INFO] tap on loginButton
[2024-02-12 03:57:18] [1] [INFO] PASS: Tap on X:'540' Y:'992' was executed.
[2024-02-12 03:57:22] [1] [ERROR] TEST [mobile-testing - areThereProductsTest] FAILED at [00:57:22 2024-02-12] - There are no products displayed expected [false] but found [true]

org.testng.Assert.fail(Assert.java:110)
org.testng.Assert.failNotEquals(Assert.java:1577)
org.testng.Assert.assertFalse(Assert.java:78)
com.solvd.automation.gui.mobile.MobileSwagLabsTest.areThereProductsTest(MobileSwagLabsTest.java:48)
java.base/jdk.internal.reflect.DirectMethodHandleAccessor.invoke(DirectMethodHandleAccessor.java:103)
java.base/java.lang.reflect.Method.invoke(Method.java:580)
org.testng.internal.invokers.MethodInvocationHelper.invokeMethod(MethodInvocationHelper.java:139)
org.testng.internal.invokers.TestInvoker.invokeMethod(TestInvoker.java:677)
org.testng.internal.invokers.TestInvoker.invokeTestMethod(TestInvoker.java:221)
org.testng.internal.invokers.MethodRunner.runInSequence(MethodRunner.java:50)
org.testng.internal.invokers.TestInvoker$MethodInvocationAgent.invoke(TestInvoker.java:969)
org.testng.internal.invokers.TestInvoker.invokeTestMethods(TestInvoker.java:194)
org.testng.internal.invokers.TestMethodWorker.invokeTestMethods(TestMethodWorker.java:148)
org.testng.internal.invokers.TestMethodWorker.run(TestMethodWorker.java:128)
java.base/java.util.ArrayList.forEach(ArrayList.java:1596)
org.testng.TestRunner.privateRun(TestRunner.java:829)
org.testng.TestRunner.run(TestRunner.java:602)
org.testng.SuiteRunner.runTest(SuiteRunner.java:437)
org.testng.SuiteRunner.runSequentially(SuiteRunner.java:431)
org.testng.SuiteRunner.privateRun(SuiteRunner.java:391)
org.testng.SuiteRunner.run(SuiteRunner.java:330)
org.testng.SuiteRunnerWorker.runSuite(SuiteRunnerWorker.java:52)
org.testng.SuiteRunnerWorker.run(SuiteRunnerWorker.java:95)
org.testng.TestNG.runSuitesSequentially(TestNG.java:1256)
org.testng.TestNG.runSuitesLocally(TestNG.java:1176)
org.testng.TestNG.runSuites(TestNG.java:1099)
org.testng.TestNG.run(TestNG.java:1067)
com.intellij.rt.testng.IDEARemoteTestNG.run(IDEARemoteTestNG.java:65)
com.intellij.rt.testng.RemoteTestNGStarter.main(RemoteTestNGStarter.java:105)
